<?xml version="1.0" encoding="UTF-8"?>
<testng-results skipped="0" failed="0" ignored="0" total="2" passed="2">
  <reporter-output>
  </reporter-output>
  <suite name="Default suite" duration-ms="85348" started-at="2020-08-19T14:03:59Z" finished-at="2020-08-19T14:05:24Z">
    <groups>
    </groups>
    <test name="Default test" duration-ms="85348" started-at="2020-08-19T14:03:59Z" finished-at="2020-08-19T14:05:24Z">
      <class name="test.pages.TC4">
        <test-method status="PASS" signature="beforeTest()[pri:0, instance:test.pages.TC4@149dace]" name="beforeTest" is-config="true" duration-ms="19600" started-at="2020-08-19T14:03:59Z" finished-at="2020-08-19T14:04:18Z">
          <reporter-output>
          </reporter-output>
        </test-method> <!-- beforeTest -->
        <test-method status="PASS" signature="Login()[pri:0, instance:test.pages.TC4@149dace]" name="Login" duration-ms="26497" started-at="2020-08-19T14:04:18Z" finished-at="2020-08-19T14:04:45Z">
          <reporter-output>
          </reporter-output>
        </test-method> <!-- Login -->
        <test-method status="PASS" signature="VerifyErrors()[pri:2, instance:test.pages.TC4@149dace]" name="VerifyErrors" duration-ms="39183" started-at="2020-08-19T14:04:45Z" finished-at="2020-08-19T14:05:24Z">
          <reporter-output>
          </reporter-output>
        </test-method> <!-- VerifyErrors -->
        <test-method status="PASS" signature="afterTest()[pri:0, instance:test.pages.TC4@149dace]" name="afterTest" is-config="true" duration-ms="6" started-at="2020-08-19T14:05:24Z" finished-at="2020-08-19T14:05:24Z">
          <reporter-output>
          </reporter-output>
        </test-method> <!-- afterTest -->
      </class> <!-- test.pages.TC4 -->
    </test> <!-- Default test -->
  </suite> <!-- Default suite -->
</testng-results>
